2020.12.09 20:12:22 INFO  Started: Metals version 0.9.7 in workspace '/home/sam/Dev/canape/src' for client vscode.
2020.12.09 20:12:23 INFO  time: initialize in 1.36s
2020.12.09 20:12:24 WARN  Build server is not auto-connectable.
2020.12.09 20:12:24 WARN  no build tool detected in workspace '/home/sam/Dev/canape/src'. The most common cause for this problem is that the editor was opened in the wrong working directory, for example if you use sbt then the workspace directory should contain build.sbt. 
2020.12.09 20:12:24 WARN  no build target for: /home/sam/Dev/canape/src/test/scala/WithDbSpecification.scala
2020.12.09 20:12:26 INFO  no build target: using presentation compiler with only scala-library
2020.12.09 20:12:51 WARN  no build tool detected in workspace '/home/sam/Dev/canape/src'. The most common cause for this problem is that the editor was opened in the wrong working directory, for example if you use sbt then the workspace directory should contain build.sbt. 
2020.12.09 20:12:51 WARN  no build tool detected in workspace '/home/sam/Dev/canape/src'. The most common cause for this problem is that the editor was opened in the wrong working directory, for example if you use sbt then the workspace directory should contain build.sbt. 
2020.12.09 20:12:51 WARN  no build tool detected in workspace '/home/sam/Dev/canape/src'. The most common cause for this problem is that the editor was opened in the wrong working directory, for example if you use sbt then the workspace directory should contain build.sbt. 
2020.12.09 20:13:04 WARN  no build target for: /home/sam/Dev/canape/src/main/scala/net/rfc1149/canape/Couch.scala
2020.12.09 20:13:53 WARN  no build target for: /home/sam/Dev/canape/src/test/scala/CouchSpec.scala
2020.12.09 20:13:55 WARN  no build target for: /home/sam/Dev/canape/src/test/scala/DatabaseSpec.scala
Dec 09, 2020 8:14:03 PM scala.meta.internal.pc.CompilerAccess handleError
SEVERE: offset 636, count -2, length 1703
java.lang.StringIndexOutOfBoundsException: offset 636, count -2, length 1703
	at java.base/java.lang.String.checkBoundsOffCount(String.java:3304)
	at java.base/java.lang.String.rangeCheck(String.java:280)
	at java.base/java.lang.String.<init>(String.java:276)
	at scala.tools.nsc.interactive.Global.typeCompletions$1(Global.scala:1230)
	at scala.tools.nsc.interactive.Global.completionsAt(Global.scala:1253)
	at scala.meta.internal.pc.SignatureHelpProvider.$anonfun$treeSymbol$1(SignatureHelpProvider.scala:375)
	at scala.Option.map(Option.scala:230)
	at scala.meta.internal.pc.SignatureHelpProvider.treeSymbol(SignatureHelpProvider.scala:373)
	at scala.meta.internal.pc.SignatureHelpProvider$MethodCall$.unapply(SignatureHelpProvider.scala:198)
	at scala.meta.internal.pc.SignatureHelpProvider$MethodCallTraverser.visit(SignatureHelpProvider.scala:309)
	at scala.meta.internal.pc.SignatureHelpProvider$MethodCallTraverser.traverse(SignatureHelpProvider.scala:303)
	at scala.meta.internal.pc.SignatureHelpProvider$MethodCallTraverser.fromTree(SignatureHelpProvider.scala:272)
	at scala.meta.internal.pc.SignatureHelpProvider.signatureHelp(SignatureHelpProvider.scala:27)

Dec 09, 2020 8:15:57 PM org.eclipse.lsp4j.jsonrpc.RemoteEndpoint handleCancellation
WARNING: Unmatched cancel notification for request id 530
2020.12.09 20:16:12 WARN  no build target for: /home/sam/Dev/canape/src/test/scala/WithDbSpecification.scala
2020.12.09 21:20:41 INFO  shutting down Metals
